TN:
SF:/home/huy/Dropbox/Rails_Projects/perdu_admin_a/client/app/bundles/POS/actions/index.js
FN:25,getTables
FN:29,getMenuCategories
FN:33,getMenuItems
FN:37,getOpenedTicket
FN:41,getOrderGroups
FN:45,getCurrentUser
FN:49,createOrderGroup
FN:53,updateOrderGroups
FN:57,getUtilityButtons
FN:63,orderItemClick
FN:67,updateMenuItems
FN:71,updateUsers
FN:75,createOrderItem
FN:79,updateOrderItem
FN:83,removeOrderItem
FN:87,removeOrderGroup
FNF:16
FNH:16
FNDA:4,getTables
FNDA:4,getMenuCategories
FNDA:4,getMenuItems
FNDA:4,getOpenedTicket
FNDA:8,getOrderGroups
FNDA:1,getCurrentUser
FNDA:2,createOrderGroup
FNDA:1,updateOrderGroups
FNDA:1,getUtilityButtons
FNDA:2,orderItemClick
FNDA:3,updateMenuItems
FNDA:1,updateUsers
FNDA:3,createOrderItem
FNDA:4,updateOrderItem
FNDA:1,removeOrderItem
FNDA:3,removeOrderGroup
DA:1,1
DA:26,4
DA:30,4
DA:34,4
DA:38,4
DA:42,8
DA:46,1
DA:50,2
DA:54,1
DA:59,1
DA:60,1
DA:64,2
DA:68,3
DA:72,1
DA:76,3
DA:80,4
DA:84,1
DA:88,3
LF:18
LH:18
BRDA:59,0,0,1
BRDA:59,0,1,0
BRDA:59,1,0,1
BRDA:59,1,1,1
BRF:4
BRH:3
end_of_record
TN:
SF:/home/huy/Dropbox/Rails_Projects/perdu_admin_a/client/app/bundles/POS/middleware/api.js
FN:24,getHeaders
FN:35,fetchParams
FN:43,fetchTables
FN:44,(anonymous_5)
FN:46,(anonymous_6)
FN:47,(anonymous_7)
FN:48,(anonymous_8)
FN:52,fetchMenuCategories
FN:53,(anonymous_10)
FN:55,(anonymous_11)
FN:56,(anonymous_12)
FN:57,(anonymous_13)
FN:61,fetchMenuItems
FN:62,(anonymous_15)
FN:67,(anonymous_16)
FN:68,(anonymous_17)
FN:73,fetchOpenedTicket
FN:74,(anonymous_19)
FN:79,(anonymous_20)
FN:80,(anonymous_21)
FN:81,(anonymous_22)
FN:85,fetchOrderGroups
FN:87,(anonymous_24)
FN:92,(anonymous_25)
FN:93,(anonymous_26)
FN:101,fetchCreateOrderGroup
FN:106,(anonymous_28)
FN:107,(anonymous_29)
FN:110,fetchCreateOrderItem
FN:115,(anonymous_31)
FN:118,createTicket
FN:123,(anonymous_33)
FN:126,updateOrderItem
FN:127,(anonymous_35)
FN:132,(anonymous_36)
FN:133,(anonymous_37)
FNF:36
FNH:32
FNDA:15,getHeaders
FNDA:15,fetchParams
FNDA:4,fetchTables
FNDA:3,(anonymous_5)
FNDA:3,(anonymous_6)
FNDA:3,(anonymous_7)
FNDA:0,(anonymous_8)
FNDA:4,fetchMenuCategories
FNDA:3,(anonymous_10)
FNDA:3,(anonymous_11)
FNDA:3,(anonymous_12)
FNDA:0,(anonymous_13)
FNDA:3,fetchMenuItems
FNDA:3,(anonymous_15)
FNDA:3,(anonymous_16)
FNDA:3,(anonymous_17)
FNDA:3,fetchOpenedTicket
FNDA:3,(anonymous_19)
FNDA:3,(anonymous_20)
FNDA:3,(anonymous_21)
FNDA:0,(anonymous_22)
FNDA:3,fetchOrderGroups
FNDA:3,(anonymous_24)
FNDA:3,(anonymous_25)
FNDA:3,(anonymous_26)
FNDA:1,fetchCreateOrderGroup
FNDA:1,(anonymous_28)
FNDA:0,(anonymous_29)
FNDA:1,fetchCreateOrderItem
FNDA:1,(anonymous_31)
FNDA:1,createTicket
FNDA:1,(anonymous_33)
FNDA:3,updateOrderItem
FNDA:3,(anonymous_35)
FNDA:3,(anonymous_36)
FNDA:3,(anonymous_37)
DA:1,1
DA:2,1
DA:4,1
DA:5,1
DA:6,1
DA:7,1
DA:8,1
DA:10,1
DA:16,1
DA:25,15
DA:26,15
DA:32,15
DA:36,15
DA:43,4
DA:44,4
DA:45,3
DA:46,3
DA:47,3
DA:48,0
DA:52,4
DA:53,4
DA:54,3
DA:55,3
DA:56,3
DA:57,0
DA:61,3
DA:62,3
DA:63,3
DA:67,3
DA:68,3
DA:73,3
DA:74,3
DA:75,3
DA:79,3
DA:80,3
DA:81,0
DA:85,3
DA:86,3
DA:87,3
DA:88,3
DA:92,3
DA:94,3
DA:95,3
DA:101,1
DA:102,1
DA:106,1
DA:107,0
DA:110,1
DA:111,1
DA:115,1
DA:118,1
DA:119,1
DA:123,1
DA:126,3
DA:127,3
DA:128,3
DA:132,3
DA:133,3
LF:58
LH:54
BRDA:25,0,0,0
BRDA:25,0,1,15
BRDA:43,1,0,3
BRDA:43,1,1,1
BRDA:43,2,0,4
BRDA:43,2,1,3
BRDA:52,3,0,3
BRDA:52,3,1,1
BRDA:52,4,0,4
BRDA:52,4,1,3
BRDA:61,5,0,3
BRDA:61,5,1,0
BRDA:61,6,0,3
BRDA:61,6,1,3
BRDA:73,7,0,3
BRDA:73,7,1,0
BRDA:73,8,0,3
BRDA:73,8,1,3
BRDA:85,9,0,3
BRDA:85,9,1,0
BRDA:85,10,0,3
BRDA:85,10,1,3
BRDA:86,11,0,0
BRDA:86,11,1,3
BRDA:101,12,0,1
BRDA:101,12,1,0
BRDA:101,13,0,1
BRDA:101,13,1,1
BRDA:110,14,0,1
BRDA:110,14,1,0
BRDA:110,15,0,1
BRDA:110,15,1,1
BRDA:118,16,0,1
BRDA:118,16,1,0
BRDA:118,17,0,1
BRDA:118,17,1,1
BRDA:126,18,0,3
BRDA:126,18,1,0
BRDA:126,19,0,3
BRDA:126,19,1,3
BRF:40
BRH:31
end_of_record
TN:
SF:/home/huy/Dropbox/Rails_Projects/perdu_admin_a/client/app/bundles/POS/reducers/entities.js
FN:3,entity
FN:20,entities
FNF:2
FNH:2
FNDA:4,entity
FNDA:31,entities
DA:1,1
DA:3,4
DA:4,4
DA:5,1
DA:8,3
DA:12,1
DA:20,31
DA:21,31
DA:23,5
DA:24,1
DA:26,4
DA:29,2
DA:30,2
DA:33,3
DA:34,3
DA:37,1
DA:38,1
DA:41,3
DA:42,3
DA:45,1
DA:46,1
DA:50,1
DA:51,1
DA:52,1
DA:53,1
DA:57,1
DA:58,1
DA:59,1
DA:60,1
DA:61,1
DA:62,1
DA:66,14
LF:32
LH:32
BRDA:3,0,0,4
BRDA:3,0,1,0
BRDA:3,1,0,4
BRDA:3,1,1,4
BRDA:4,2,0,1
BRDA:4,2,1,3
BRDA:20,3,0,8
BRDA:20,3,1,23
BRDA:20,4,0,31
BRDA:20,4,1,31
BRDA:22,5,0,5
BRDA:22,5,1,2
BRDA:22,5,2,3
BRDA:22,5,3,1
BRDA:22,5,4,3
BRDA:22,5,5,1
BRDA:22,5,6,1
BRDA:22,5,7,1
BRDA:22,5,8,14
BRDA:23,6,0,1
BRDA:23,6,1,4
BRF:21
BRH:20
end_of_record
TN:
SF:/home/huy/Dropbox/Rails_Projects/perdu_admin_a/client/app/bundles/POS/reducers/index.js
FN:5,tables
FN:14,menuCategories
FN:23,menuItems
FN:32,orderGroupIds
FN:50,nextOrderGroupId
FN:63,nextOrderItemId
FN:72,currentUser
FN:81,openedTicket
FN:90,utilityButtons
FN:101,clickedOrders
FN:104,(anonymous_12)
FNF:11
FNH:11
FNDA:31,tables
FNDA:31,menuCategories
FNDA:31,menuItems
FNDA:31,orderGroupIds
FNDA:31,nextOrderGroupId
FNDA:31,nextOrderItemId
FNDA:31,currentUser
FNDA:31,openedTicket
FNDA:31,utilityButtons
FNDA:31,clickedOrders
FNDA:1,(anonymous_12)
DA:1,1
DA:2,1
DA:3,1
DA:4,1
DA:5,31
DA:6,31
DA:8,1
DA:10,30
DA:14,31
DA:15,31
DA:17,1
DA:19,30
DA:23,31
DA:24,31
DA:26,1
DA:28,30
DA:32,31
DA:33,31
DA:35,5
DA:36,5
DA:38,0
DA:40,2
DA:42,3
DA:43,3
DA:46,21
DA:50,31
DA:51,31
DA:53,5
DA:54,5
DA:57,3
DA:59,23
DA:63,31
DA:64,31
DA:66,3
DA:68,28
DA:72,31
DA:73,31
DA:75,1
DA:77,30
DA:81,31
DA:82,31
DA:84,1
DA:86,30
DA:92,31
DA:93,31
DA:95,1
DA:97,30
DA:101,31
DA:102,31
DA:104,2
DA:105,1
DA:107,2
DA:108,1
DA:111,1
DA:114,29
DA:125,1
LF:56
LH:55
BRDA:5,0,0,8
BRDA:5,0,1,23
BRDA:5,1,0,31
BRDA:5,1,1,31
BRDA:7,2,0,1
BRDA:7,2,1,30
BRDA:14,3,0,8
BRDA:14,3,1,23
BRDA:14,4,0,31
BRDA:14,4,1,31
BRDA:16,5,0,1
BRDA:16,5,1,30
BRDA:23,6,0,8
BRDA:23,6,1,23
BRDA:23,7,0,31
BRDA:23,7,1,31
BRDA:25,8,0,1
BRDA:25,8,1,30
BRDA:32,9,0,8
BRDA:32,9,1,23
BRDA:32,10,0,31
BRDA:32,10,1,31
BRDA:34,11,0,5
BRDA:34,11,1,2
BRDA:34,11,2,3
BRDA:34,11,3,21
BRDA:35,12,0,5
BRDA:35,12,1,0
BRDA:35,13,0,5
BRDA:35,13,1,5
BRDA:50,14,0,8
BRDA:50,14,1,23
BRDA:50,15,0,31
BRDA:50,15,1,31
BRDA:52,16,0,5
BRDA:52,16,1,3
BRDA:52,16,2,23
BRDA:54,17,0,1
BRDA:54,17,1,4
BRDA:63,18,0,8
BRDA:63,18,1,23
BRDA:63,19,0,31
BRDA:63,19,1,31
BRDA:65,20,0,3
BRDA:65,20,1,28
BRDA:72,21,0,8
BRDA:72,21,1,23
BRDA:72,22,0,31
BRDA:72,22,1,31
BRDA:74,23,0,1
BRDA:74,23,1,30
BRDA:81,24,0,8
BRDA:81,24,1,23
BRDA:81,25,0,31
BRDA:81,25,1,31
BRDA:83,26,0,1
BRDA:83,26,1,30
BRDA:92,27,0,8
BRDA:92,27,1,23
BRDA:92,28,0,31
BRDA:92,28,1,31
BRDA:94,29,0,1
BRDA:94,29,1,30
BRDA:101,30,0,8
BRDA:101,30,1,23
BRDA:101,31,0,31
BRDA:101,31,1,31
BRDA:103,32,0,2
BRDA:103,32,1,29
BRDA:107,33,0,1
BRDA:107,33,1,1
BRF:71
BRH:70
end_of_record
